<?xml version="1.0" encoding="UTF-8"?>
<!-- Generated by org.testng.reporters.JUnitReportReporter -->
<testsuite hostname="Mujeebs-MacBook-Pro.local" failures="0" tests="3" name="testRunner.TestRunner" time="61.003" errors="2" timestamp="2021-05-18T05:05:39 EDT" skipped="0">
  <testcase classname="testRunner.TestRunner" name="runScenario" time="34.053">
    <error message="unexpected alert open: {Alert text : SyntaxError: Unexpected token &lt; in JSON at position 0
OK
&lt;b&gt;Warning&lt;/b&gt;: unlink(/home/emaropvq/ocartdata/storage/cache/cache.catalog.language.1621332341): No such file or directory in &lt;b&gt;/home/emaropvq/tek-school.com/retail/system/library/cache/file.php&lt;/b&gt; on line &lt;b&gt;68&lt;/b&gt;{&quot;success&quot;:&quot;Success: You have added &lt;a href=\&quot;http:\/\/tek-school.com\/retail\/index.php?route=product\/product&amp;amp;product_id=30\&quot;&gt;Canon EOS 5D&lt;\/a&gt; to your &lt;a href=\&quot;http:\/\/tek-school.com\/retail\/index.php?route=checkout\/cart\&quot;&gt;shopping cart&lt;\/a&gt;!&quot;,&quot;total&quot;:&quot;1 item(s) - $98.00&quot;}}
  (Session info: chrome=90.0.4430.212): SyntaxError: Unexpected token &lt; in JSON at position 0
OK
&lt;b&gt;Warning&lt;/b&gt;: unlink(/home/emaropvq/ocartdata/storage/cache/cache.catalog.language.1621332341): No such file or directory in &lt;b&gt;/home/emaropvq/tek-school.com/retail/system/library/cache/file.php&lt;/b&gt; on line &lt;b&gt;68&lt;/b&gt;{&quot;success&quot;:&quot;Success: You have added &lt;a href=\&quot;http:\/\/tek-school.com\/retail\/index.php?route=product\/product&amp;amp;product_id=30\&quot;&gt;Canon EOS 5D&lt;\/a&gt; to your &lt;a href=\&quot;http:\/\/tek-school.com\/retail\/index.php?route=checkout\/cart\&quot;&gt;shopping cart&lt;\/a&gt;!&quot;,&quot;total&quot;:&quot;1 item(s) - $98.00&quot;}
Build info: version: &#039;3.141.59&#039;, revision: &#039;e82be7d358&#039;, time: &#039;2018-11-14T08:17:03&#039;
System info: host: &#039;Mujeebs-MacBook-Pro.local&#039;, ip: &#039;fe80:0:0:0:7f:79ff:253c:b372%en0&#039;, os.name: &#039;Mac OS X&#039;, os.arch: &#039;x86_64&#039;, os.version: &#039;10.16&#039;, java.version: &#039;14.0.2&#039;
Driver info: org.openqa.selenium.chrome.ChromeDriver
Capabilities {acceptInsecureCerts: false, browserName: chrome, browserVersion: 90.0.4430.212, chrome: {chromedriverVersion: 90.0.4430.24 (4c6d850f087da..., userDataDir: /var/folders/p_/bqpx96qs10q...}, goog:chromeOptions: {debuggerAddress: localhost:58603}, javascriptEnabled: true, networkConnectionEnabled: false, pageLoadStrategy: normal, platform: MAC, platformName: MAC, proxy: Proxy(), setWindowRect: true, strictFileInteractability: false, timeouts: {implicit: 0, pageLoad: 300000, script: 30000}, unhandledPromptBehavior: dismiss and notify, webauthn:extension:largeBlob: true, webauthn:virtualAuthenticators: true}
Session ID: e53f56f7eb164d3d4770396b16b34982" type="org.openqa.selenium.UnhandledAlertException">
      <![CDATA[org.openqa.selenium.UnhandledAlertException: unexpected alert open: {Alert text : SyntaxError: Unexpected token < in JSON at position 0
OK
<b>Warning</b>: unlink(/home/emaropvq/ocartdata/storage/cache/cache.catalog.language.1621332341): No such file or directory in <b>/home/emaropvq/tek-school.com/retail/system/library/cache/file.php</b> on line <b>68</b>{"success":"Success: You have added <a href=\"http:\/\/tek-school.com\/retail\/index.php?route=product\/product&amp;product_id=30\">Canon EOS 5D<\/a> to your <a href=\"http:\/\/tek-school.com\/retail\/index.php?route=checkout\/cart\">shopping cart<\/a>!","total":"1 item(s) - $98.00"}}
  (Session info: chrome=90.0.4430.212): SyntaxError: Unexpected token < in JSON at position 0
OK
<b>Warning</b>: unlink(/home/emaropvq/ocartdata/storage/cache/cache.catalog.language.1621332341): No such file or directory in <b>/home/emaropvq/tek-school.com/retail/system/library/cache/file.php</b> on line <b>68</b>{"success":"Success: You have added <a href=\"http:\/\/tek-school.com\/retail\/index.php?route=product\/product&amp;product_id=30\">Canon EOS 5D<\/a> to your <a href=\"http:\/\/tek-school.com\/retail\/index.php?route=checkout\/cart\">shopping cart<\/a>!","total":"1 item(s) - $98.00"}
Build info: version: '3.141.59', revision: 'e82be7d358', time: '2018-11-14T08:17:03'
System info: host: 'Mujeebs-MacBook-Pro.local', ip: 'fe80:0:0:0:7f:79ff:253c:b372%en0', os.name: 'Mac OS X', os.arch: 'x86_64', os.version: '10.16', java.version: '14.0.2'
Driver info: org.openqa.selenium.chrome.ChromeDriver
Capabilities {acceptInsecureCerts: false, browserName: chrome, browserVersion: 90.0.4430.212, chrome: {chromedriverVersion: 90.0.4430.24 (4c6d850f087da..., userDataDir: /var/folders/p_/bqpx96qs10q...}, goog:chromeOptions: {debuggerAddress: localhost:58603}, javascriptEnabled: true, networkConnectionEnabled: false, pageLoadStrategy: normal, platform: MAC, platformName: MAC, proxy: Proxy(), setWindowRect: true, strictFileInteractability: false, timeouts: {implicit: 0, pageLoad: 300000, script: 30000}, unhandledPromptBehavior: dismiss and notify, webauthn:extension:largeBlob: true, webauthn:virtualAuthenticators: true}
Session ID: e53f56f7eb164d3d4770396b16b34982
at org.openqa.selenium.remote.http.W3CHttpResponseCodec.decode(W3CHttpResponseCodec.java:120)
at org.openqa.selenium.remote.http.W3CHttpResponseCodec.decode(W3CHttpResponseCodec.java:49)
at org.openqa.selenium.remote.HttpCommandExecutor.execute(HttpCommandExecutor.java:158)
at org.openqa.selenium.remote.service.DriverCommandExecutor.execute(DriverCommandExecutor.java:83)
at org.openqa.selenium.remote.RemoteWebDriver.execute(RemoteWebDriver.java:552)
at org.openqa.selenium.remote.RemoteWebDriver.execute(RemoteWebDriver.java:609)
at org.openqa.selenium.remote.RemoteWebDriver.getScreenshotAs(RemoteWebDriver.java:295)
at core.Base.getTestScreenshot(Base.java:127)
at Listener.Listeners.onTestFailure(Listeners.java:65)
at org.testng.internal.TestListenerHelper.runTestListeners(TestListenerHelper.java:96)
at org.testng.internal.TestInvoker.runTestResultListener(TestInvoker.java:220)
at org.testng.internal.TestInvoker.invokeMethod(TestInvoker.java:657)
at org.testng.internal.TestInvoker.invokeTestMethod(TestInvoker.java:174)
at org.testng.internal.MethodRunner.runInSequence(MethodRunner.java:46)
at org.testng.internal.TestInvoker$MethodInvocationAgent.invoke(TestInvoker.java:822)
at org.testng.internal.TestInvoker.invokeTestMethods(TestInvoker.java:147)
at org.testng.internal.TestMethodWorker.invokeTestMethods(TestMethodWorker.java:146)
at org.testng.internal.TestMethodWorker.run(TestMethodWorker.java:128)
at java.base/java.util.ArrayList.forEach(ArrayList.java:1511)
at org.testng.TestRunner.privateRun(TestRunner.java:764)
at org.testng.TestRunner.run(TestRunner.java:585)
at org.testng.SuiteRunner.runTest(SuiteRunner.java:384)
at org.testng.SuiteRunner.runSequentially(SuiteRunner.java:378)
at org.testng.SuiteRunner.privateRun(SuiteRunner.java:337)
at org.testng.SuiteRunner.run(SuiteRunner.java:286)
at org.testng.SuiteRunnerWorker.runSuite(SuiteRunnerWorker.java:53)
at org.testng.SuiteRunnerWorker.run(SuiteRunnerWorker.java:96)
at org.testng.TestNG.runSuitesSequentially(TestNG.java:1218)
at org.testng.TestNG.runSuitesLocally(TestNG.java:1140)
at org.testng.TestNG.runSuites(TestNG.java:1069)
at org.testng.TestNG.run(TestNG.java:1037)
at org.apache.maven.surefire.testng.TestNGExecutor.run(TestNGExecutor.java:284)
at org.apache.maven.surefire.testng.TestNGXmlTestSuite.execute(TestNGXmlTestSuite.java:75)
at org.apache.maven.surefire.testng.TestNGProvider.invoke(TestNGProvider.java:119)
at org.apache.maven.surefire.booter.ForkedBooter.runSuitesInProcess(ForkedBooter.java:428)
at org.apache.maven.surefire.booter.ForkedBooter.execute(ForkedBooter.java:162)
at org.apache.maven.surefire.booter.ForkedBooter.run(ForkedBooter.java:562)
at org.apache.maven.surefire.booter.ForkedBooter.main(ForkedBooter.java:548)
]]>
    </error>
  </testcase> <!-- runScenario -->
  <system-out/>
  <testcase classname="testRunner.TestRunner" name="runScenario" time="5.853"/>
  <system-out/>
  <testcase classname="testRunner.TestRunner" name="runScenario" time="21.097">
    <error message="Index 10 out of bounds for length 0" type="java.lang.IndexOutOfBoundsException">
      <![CDATA[java.lang.IndexOutOfBoundsException: Index 10 out of bounds for length 0
at java.base/jdk.internal.util.Preconditions.outOfBounds(Preconditions.java:64)
at java.base/jdk.internal.util.Preconditions.outOfBoundsCheckIndex(Preconditions.java:70)
at java.base/jdk.internal.util.Preconditions.checkIndex(Preconditions.java:248)
at java.base/java.util.Objects.checkIndex(Objects.java:373)
at java.base/java.util.ArrayList.get(ArrayList.java:427)
at java.base/jdk.internal.reflect.GeneratedMethodAccessor3.invoke(Unknown Source)
at java.base/jdk.internal.reflect.DelegatingMethodAccessorImpl.invoke(DelegatingMethodAccessorImpl.java:43)
at java.base/java.lang.reflect.Method.invoke(Method.java:564)
at org.openqa.selenium.support.pagefactory.internal.LocatingElementListHandler.invoke(LocatingElementListHandler.java:39)
at com.sun.proxy.$Proxy36.get(Unknown Source)
at pageObjects.DesktopsPageObjects.clickOnAddToCartLink(DesktopsPageObjects.java:119)
at stepDefinitions.DesktopsTest.user_click_add_to_cart_option_on_something_item(DesktopsTest.java:37)
at âœ½.User click ADD TO CART option on "HP LP3065" item(file:///Users/mohammadmujeeb/Documents/BootCampCourse/RetailFramework/src/test/resources/features/desktopsFeature.feature:15)
]]>
    </error>
  </testcase> <!-- runScenario -->
  <system-out/>
</testsuite> <!-- testRunner.TestRunner -->
